<?xml version="1.0" encoding="UTF-8"?>
<testng-results skipped="0" failed="0" ignored="0" total="1" passed="1">
  <reporter-output>
  </reporter-output>
  <suite name="Suite" duration-ms="118933" started-at="2020-07-03T15:03:21 IST" finished-at="2020-07-03T15:05:20 IST">
    <groups>
    </groups>
    <test name="Test" duration-ms="118933" started-at="2020-07-03T15:03:21 IST" finished-at="2020-07-03T15:05:20 IST">
      <class name="com.sa.happytrip.pages.FlightPage">
        <test-method status="PASS" signature="startReport()[pri:0, instance:com.sa.happytrip.pages.FlightPage@b2c9a9c]" name="startReport" is-config="true" duration-ms="133" started-at="2020-07-03T15:03:21 IST" finished-at="2020-07-03T15:03:21 IST">
          <reporter-output>
          </reporter-output>
        </test-method> <!-- startReport -->
        <test-method status="PASS" signature="setup()[pri:0, instance:com.sa.happytrip.pages.FlightPage@b2c9a9c]" name="setup" is-config="true" duration-ms="16289" started-at="2020-07-03T15:03:22 IST" finished-at="2020-07-03T15:03:38 IST">
          <reporter-output>
          </reporter-output>
        </test-method> <!-- setup -->
        <test-method status="PASS" signature="invalidFieldsVerify()[pri:0, instance:com.sa.happytrip.pages.FlightPage@b2c9a9c]" name="invalidFieldsVerify" duration-ms="979" started-at="2020-07-03T15:03:38 IST" finished-at="2020-07-03T15:03:39 IST">
          <reporter-output>
          </reporter-output>
        </test-method> <!-- invalidFieldsVerify -->
        <test-method status="PASS" signature="getResult(org.testng.ITestResult)[pri:0, instance:com.sa.happytrip.pages.FlightPage@b2c9a9c]" name="getResult" is-config="true" duration-ms="167" started-at="2020-07-03T15:03:39 IST" finished-at="2020-07-03T15:03:40 IST">
          <params>
            <param index="0">
              <value>
                <![CDATA[[TestResult name=invalidFieldsVerify status=SUCCESS method=FlightPage.invalidFieldsVerify()[pri:0, instance:com.sa.happytrip.pages.FlightPage@b2c9a9c] output={null}]]]>
              </value>
            </param>
          </params>
          <reporter-output>
          </reporter-output>
        </test-method> <!-- getResult -->
        <test-method status="PASS" signature="endReport()[pri:0, instance:com.sa.happytrip.pages.FlightPage@b2c9a9c]" name="endReport" is-config="true" duration-ms="7325" started-at="2020-07-03T15:05:13 IST" finished-at="2020-07-03T15:05:20 IST">
          <reporter-output>
          </reporter-output>
        </test-method> <!-- endReport -->
      </class> <!-- com.sa.happytrip.pages.FlightPage -->
    </test> <!-- Test -->
  </suite> <!-- Suite -->
</testng-results>
